text/AMHNIV/AMHBIB JOS is missing chapters: [0, 12, 13, 14, 15, 16, 17, 18, 19, 20, 21, 22, 23, 24]
text/AYONTM/AYONTM PSA is missing chapters: [19, 20, 21, 22, 23, 24, 25, 26, 27, 28, 29, 30, 31, 32, 33, 34, 35, 36, 37, 38, 39, 40, 41, 42, 43, 44, 45, 46, 47, 48, 49, 50, 51, 52, 53, 54, 55, 56, 57, 58, 59, 60, 61, 62, 63, 64, 65, 66, 67, 68, 69, 70, 71, 72, 73, 74, 75, 76, 77, 78, 79, 80, 81, 82, 83, 84, 85, 86, 87, 88, 89, 90, 91, 92, 93, 94, 95, 96, 97, 98, 99, 100, 101, 102, 103, 104, 105, 106, 107, 108, 109, 110, 111, 112, 113, 114, 115, 116, 117, 118, 119, 120, 121, 122, 123, 124, 125, 126, 127, 128, 129, 130, 131, 132, 133, 134, 135, 136, 137, 138, 139, 140, 141, 142, 143, 144, 145, 146, 147, 148, 149, 150]
text/AZEBSAC/AZ1BSA JER is missing chapters: [0, 6, 7, 8, 9, 10, 11, 12, 13, 14, 15, 16, 17, 18, 19, 20, 21, 22, 23, 24, 25, 26, 27, 28, 29, 30, 31, 32, 33, 34, 35, 36, 37, 38, 39, 40, 41, 42, 43, 44, 45, 46, 47, 48, 49, 50, 51, 52]
text/AZEBSAC/AZ1BSA EXO is missing chapters: [1, 2, 3, 4, 5, 6, 7, 8, 9, 11, 12, 13, 14, 15, 16, 17, 18, 19, 20, 21, 22, 23, 24, 25, 26, 27, 28, 29, 30, 31, 32, 33, 34, 35, 36, 37, 38, 39, 40]
text/AZJBSA/AZEBSA JUD is missing chapters: [1]
text/AZJBSA/AZEBSA REV is missing chapters: [1, 2, 3, 4, 5, 6, 7, 8, 9, 10, 11, 12, 13, 14, 15, 16, 17, 18, 19, 20, 21, 22]
text/BCLMBC/BCLMBC ESG is missing chapters: [11]
text/BCLMBC/BCLMBC BAR is missing chapters: [6]
text/BDHWBT/BDHWBT LUK is missing chapters: [8, 9]
text/BENWYC/BENWYC LUK is missing chapters: [20, 21, 22, 23, 24]
text1 text/BQCSIM/BQCSIM BQCSIM_30_JOL_4.html chap too large: 4 for JOL
text2 text/BQCSIM/BQCSIM JL4.html chap too large: 4 for JOL
text/BQCSIM/BQCSIM MAL is missing chapters: [4]
text/BUSSIM/BUSSIM EZR is missing chapters: [8, 9, 10]
text/BUSSIM/BUSSIM NEH is missing chapters: [9, 10, 11, 12, 13]
text/BUSSIM/BUSSIM JOB is missing chapters: [14, 15, 16, 17, 18, 19, 20, 21, 22, 23, 24, 25, 26, 27, 28, 29, 30, 31, 32, 33, 34, 35, 36, 37, 38, 39, 40, 41, 42]
text/BUSSIM/BUSSIM ZEC is missing chapters: [8, 9, 10, 11, 12, 13, 14]
text/BUSSIM/BUSSIM EXO is missing chapters: [28, 29, 30, 31, 32, 33, 34, 35, 36, 37, 38, 39, 40]
text/BUSSIM/BUSSIM NUM is missing chapters: [12, 13, 14, 15, 16, 17, 18, 19, 20, 21, 22, 23, 24, 25, 26, 27, 28, 29, 30, 31, 32, 33, 34, 35, 36]
text/BUSSIM/BUSSIM DEU is missing chapters: [4, 5, 6, 7, 8, 9, 10, 11, 12, 13, 14, 15, 16, 17, 18, 19, 20, 21, 22, 23, 24, 25, 26, 27, 28, 29, 30, 31, 32, 33, 34]
text/BUSSIM/BUSSIM JOS is missing chapters: [14, 15, 16, 17, 18, 19, 20, 21, 22, 23, 24]
text/BUSSIM/BUSSIM JDG is missing chapters: [12, 13, 14, 15, 16, 17, 18, 19, 20, 21]
text1 text/BXRIBT/BXRIBT BXRIBT_87_PHM_10.html chap too large: 10 for PHM
text1 text/BXRIBT/BXRIBT BXRIBT_87_PHM_11.html chap too large: 11 for PHM
text1 text/BXRIBT/BXRIBT BXRIBT_87_PHM_12.html chap too large: 12 for PHM
text1 text/BXRIBT/BXRIBT BXRIBT_87_PHM_13.html chap too large: 13 for PHM
text1 text/BXRIBT/BXRIBT BXRIBT_87_PHM_14.html chap too large: 14 for PHM
text1 text/BXRIBT/BXRIBT BXRIBT_87_PHM_2.html chap too large: 2 for PHM
text1 text/BXRIBT/BXRIBT BXRIBT_87_PHM_3.html chap too large: 3 for PHM
text1 text/BXRIBT/BXRIBT BXRIBT_87_PHM_4.html chap too large: 4 for PHM
text1 text/BXRIBT/BXRIBT BXRIBT_87_PHM_5.html chap too large: 5 for PHM
text1 text/BXRIBT/BXRIBT BXRIBT_87_PHM_6.html chap too large: 6 for PHM
text1 text/BXRIBT/BXRIBT BXRIBT_87_PHM_7.html chap too large: 7 for PHM
text1 text/BXRIBT/BXRIBT BXRIBT_87_PHM_8.html chap too large: 8 for PHM
text1 text/BXRIBT/BXRIBT BXRIBT_87_PHM_9.html chap too large: 9 for PHM
text/BYRWAG/BYRWAG JHN is missing chapters: [4, 5, 6, 7, 8, 9, 10, 11, 12, 13, 14, 15, 16, 17, 18, 19, 20, 21]
text/BYRWAG/BYRWAG ROM is missing chapters: [4, 5, 6, 7, 8, 9, 10, 11, 12, 13, 14, 15, 16]
text/BYRWAG/BYRWAG HEB is missing chapters: [2, 3, 4, 5, 6, 7, 8, 9, 10, 11, 12, 13]
text/BYRWAG/BYRWAG 1JN is missing chapters: [5]
text/BZDWBT/BZDWBT EXO is missing chapters: [21, 22, 23, 24, 25, 26, 27, 28, 29, 30, 31, 32, 33, 34, 35, 36, 37, 38, 39, 40]
text/CBUWBT/CBUWBT EZR is missing chapters: [8, 9, 10]
text/CHYCHB/CHYCTC 1KI is missing chapters: [2, 3, 4, 5, 6, 7, 8, 9, 10, 11, 12, 13, 14, 15, 16, 17, 18, 19, 20, 21, 22]
text/CHYCHB/CHYCTC 2KI is missing chapters: [2, 3, 4, 5, 6, 7, 8, 9, 10, 11, 12, 13, 14, 15, 16, 17, 18, 19, 20, 21, 22, 23, 24, 25]
text/CHYCHB/CHYCTC 2CH is missing chapters: [2, 3, 4, 5, 6, 7, 8, 9, 10, 11, 12, 13, 14, 15, 16, 17, 18, 19, 20, 21, 22, 23, 24, 25, 26, 27, 28, 29, 30, 31, 32, 33, 34, 35, 36]
text/CHYCHB/CHYCTC PSA is missing chapters: [21, 22, 23, 24, 25, 26, 27, 28, 29, 30, 31, 32, 33, 34, 35, 36, 37, 38, 39, 40, 41, 42, 43, 44, 45, 46, 47, 48, 49, 50, 51, 52, 53, 54, 55, 56, 57, 58, 59, 60, 61, 62, 63, 64, 65, 66, 67, 68, 69, 70, 71, 72, 73, 74, 75, 76, 77, 78, 79, 80, 81, 82, 83, 84, 85, 86, 87, 88, 89, 90, 91, 92, 93, 94, 95, 96, 97, 98, 99, 100, 101, 102, 103, 104, 105, 106, 107, 108, 109, 110, 111, 112, 113, 114, 115, 116, 117, 118, 119, 120, 121, 122, 123, 124, 125, 126, 127, 128, 129, 130, 131, 132, 133, 134, 135, 136, 137, 138, 139, 140, 141, 142, 143, 144, 145, 146, 147, 148, 149, 150]
text/CHYCHB/CHYCTC PRO is missing chapters: [14, 15, 16, 17, 18, 19, 20, 21, 22, 23, 24, 25, 26, 27, 28, 29, 30, 31]
text/CHYCHB/CHYCTC ISA is missing chapters: [4, 5, 6, 7, 8, 9, 10, 11, 12, 13, 14, 15, 16, 17, 18, 19, 20, 21, 22, 23, 24, 25, 26, 27, 28, 29, 30, 31, 32, 33, 34, 35, 36, 37, 38, 39, 40, 41, 42, 43, 44, 45, 46, 47, 48, 49, 50, 51, 52, 53, 54, 55, 56, 57, 58, 59, 60, 61, 62, 63, 64, 65, 66]
text/CHYCHB/CHYCTC JER is missing chapters: [2, 3, 4, 5, 6, 7, 8, 9, 10, 11, 12, 13, 14, 15, 16, 17, 18, 19, 20, 21, 22, 23, 24, 25, 26, 27, 28, 29, 30, 31, 32, 33, 34, 35, 36, 37, 38, 39, 40, 41, 42, 43, 44, 45, 46, 47, 48, 49, 50, 51, 52]
text/CHYCHB/CHYCTC LAM is missing chapters: [2, 3, 4, 5]
text/CHYCHB/CHYCTC DAN is missing chapters: [4, 5, 6, 7, 8, 9, 10, 11, 12]
text/CHYCHB/CHYCTC GEN is missing chapters: [46, 47, 48, 49, 50]
text/CHYCHB/CHYCTC MIC is missing chapters: [2, 3, 4, 5, 6, 7]
text/CHYCHB/CHYCTC ZEP is missing chapters: [2, 3]
text/CHYCHB/CHYCTC ZEC is missing chapters: [2, 3, 4, 5, 6, 7, 8, 9, 10, 11, 12, 13, 14]
text/CHYCHB/CHYCTC EXO is missing chapters: [10, 11, 12, 13, 14, 15, 16, 17, 18, 19, 20, 21, 22, 23, 24, 25, 26, 27, 28, 29, 30, 31, 32, 33, 34, 35, 36, 37, 38, 39, 40]
text/CHYCHB/CHYCTC MAL is missing chapters: [2, 3, 4]
text/CHYCHB/CHYCTC MAT is missing chapters: [12, 13, 14, 15, 16, 17, 18, 19, 20, 21, 22, 23, 24, 25, 26, 27, 28]
text/CHYCHB/CHYCTC JHN is missing chapters: [15, 16, 17, 18, 19, 20, 21]
text/CHYCHB/CHYCTC ACT is missing chapters: [10, 11, 12, 13, 14, 15, 16, 17, 18, 19, 20, 21, 22, 23, 24, 25, 26, 27, 28]
text/CHYCHB/CHYCTC ROM is missing chapters: [10, 11, 12, 13, 14, 15, 16]
text/CHYCHB/CHYCTC 1CO is missing chapters: [7, 8, 9, 10, 11, 12, 13, 14, 15, 16]
text/CHYCHB/CHYCTC 2CO is missing chapters: [4, 5, 6, 7, 8, 9, 10, 11, 12, 13]
text/CHYCHB/CHYCTC GAL is missing chapters: [6]
text/CHYCHB/CHYCTC EPH is missing chapters: [5, 6]
text/CHYCHB/CHYCTC COL is missing chapters: [3, 4]
text/CHYCHB/CHYCTC 1TH is missing chapters: [3, 4, 5]
text/CHYCHB/CHYCTC 1TI is missing chapters: [3, 4, 5, 6]
text/CHYCHB/CHYCTC 2TI is missing chapters: [4]
text/CHYCHB/CHYCTC TIT is missing chapters: [2, 3]
text/CHYCHB/CHYCTC HEB is missing chapters: [7, 8, 9, 10, 11, 12, 13]
text/CHYCHB/CHYCTC 2PE is missing chapters: [2, 3]
text/CHYCHB/CHYCTC REV is missing chapters: [5, 6, 7, 8, 9, 10, 11, 12, 13, 14, 15, 16, 17, 18, 19, 20, 21, 22]
text1 text/COXWBT/COXWBT COXWBT_73_JHN_22.html chap too large: 22 for JHN
text1 text/COXWBT/COXWBT COXWBT_73_JHN_23.html chap too large: 23 for JHN
text1 text/COXWBT/COXWBT COXWBT_73_JHN_24.html chap too large: 24 for JHN
text1 text/COXWBT/COXWBT COXWBT_73_JHN_25.html chap too large: 25 for JHN
text1 text/COXWBT/COXWBT COXWBT_73_JHN_26.html chap too large: 26 for JHN
text1 text/COXWBT/COXWBT COXWBT_73_JHN_27.html chap too large: 27 for JHN
text1 text/COXWBT/COXWBT COXWBT_73_JHN_28.html chap too large: 28 for JHN
text1 text/COXWBT/COXWBT COXWBT_73_JHN_29.html chap too large: 29 for JHN
text1 text/COXWBT/COXWBT COXWBT_73_JHN_30.html chap too large: 30 for JHN
text1 text/COXWBT/COXWBT COXWBT_73_JHN_31.html chap too large: 31 for JHN
text1 text/COXWBT/COXWBT COXWBT_73_JHN_32.html chap too large: 32 for JHN
text1 text/COXWBT/COXWBT COXWBT_73_JHN_33.html chap too large: 33 for JHN
text1 text/COXWBT/COXWBT COXWBT_73_JHN_34.html chap too large: 34 for JHN
text1 text/COXWBT/COXWBT COXWBT_73_JHN_35.html chap too large: 35 for JHN
text1 text/COXWBT/COXWBT COXWBT_73_JHN_36.html chap too large: 36 for JHN
text1 text/COXWBT/COXWBT COXWBT_73_JHN_37.html chap too large: 37 for JHN
text1 text/COXWBT/COXWBT COXWBT_73_JHN_38.html chap too large: 38 for JHN
text1 text/COXWBT/COXWBT COXWBT_73_JHN_39.html chap too large: 39 for JHN
text1 text/COXWBT/COXWBT COXWBT_73_JHN_40.html chap too large: 40 for JHN
text1 text/COXWBT/COXWBT COXWBT_73_JHN_41.html chap too large: 41 for JHN
text1 text/COXWBT/COXWBT COXWBT_73_JHN_42.html chap too large: 42 for JHN
text1 text/COXWBT/COXWBT COXWBT_73_JHN_43.html chap too large: 43 for JHN
text1 text/COXWBT/COXWBT COXWBT_73_JHN_44.html chap too large: 44 for JHN
text1 text/COXWBT/COXWBT COXWBT_73_JHN_45.html chap too large: 45 for JHN
text/COXWBT/COXWBT ACT is missing chapters: [18, 19, 20, 21, 22, 23, 24, 25, 26, 27, 28]
text/COXWBT/COXWBT ROM is missing chapters: [8, 9, 10, 11, 12, 13, 14, 15, 16]
text/COXWBT/COXWBT 1CO is missing chapters: [2, 3, 4, 5, 6, 7, 8, 9, 10, 11, 12, 13, 14, 15, 16]
text/COXWBT/COXWBT GAL is missing chapters: [2, 3, 4, 5, 6]
text/COXWBT/COXWBT HEB is missing chapters: [6, 7, 8, 9, 10, 11, 12, 13]
text/COXWBT/COXWBT JAS is missing chapters: [4, 5]
text/COXWBT/COXWBT 1JN is missing chapters: [3, 4, 5]
text/COXWBT/COXWBT REV is missing chapters: [5, 6, 7, 8, 9, 10, 11, 12, 13, 14, 15, 16, 17, 18, 19, 20, 21, 22]
text/CRKCBS/CRKCBS PSA is missing chapters: [55, 56, 57, 58, 59, 60, 61, 62, 63, 64, 65, 66, 67, 68, 69, 70, 71, 72, 73, 74, 75, 76, 77, 78, 79, 80, 81, 82, 83, 84, 85, 86, 87, 88, 89, 90, 91, 92, 93, 94, 95, 96, 97, 98, 99, 100, 101, 102, 103, 104, 105, 106, 107, 108, 109, 110, 111, 112, 113, 114, 115, 116, 117, 118, 119, 120, 121, 122, 123, 124, 125, 126, 127, 128, 129, 130, 131, 132, 133, 134, 135, 136, 137, 138, 139, 140, 141, 142, 143, 144, 145, 146, 147, 148, 149, 150]
text/EKOWBT/EKOWBT ACT is missing chapters: [10, 11, 12, 13, 14, 15, 16, 17, 18, 19, 20, 21, 22, 23, 24, 25, 26, 27, 28]
text1 text/ENGBRE/ENGBRE ENGBRE_20_PSA_151.html chap too large: 151 for PSA
text2 text/ENGBRE/ENGBRE LJ.html usfm code None is not valid
text2 text/ENGBRE/ENGBRE LJ1.html usfm code None is not valid
text2 text/ENGBRE/ENGBRE PS151.html chap too large: 151 for PSA
text/ENGBRE/ENGBRE BAR is missing chapters: [6]
text2 text/ENGDRV/ENGDRV DN13.html chap too large: 13 for DAN
text2 text/ENGDRV/ENGDRV DN14.html chap too large: 14 for DAN
text1 text/ENGDRV/ENGDRV ENGDRV_18_EST_11.html chap too large: 11 for EST
text1 text/ENGDRV/ENGDRV ENGDRV_18_EST_12.html chap too large: 12 for EST
text1 text/ENGDRV/ENGDRV ENGDRV_18_EST_13.html chap too large: 13 for EST
text1 text/ENGDRV/ENGDRV ENGDRV_18_EST_14.html chap too large: 14 for EST
text1 text/ENGDRV/ENGDRV ENGDRV_18_EST_15.html chap too large: 15 for EST
text1 text/ENGDRV/ENGDRV ENGDRV_18_EST_16.html chap too large: 16 for EST
text1 text/ENGDRV/ENGDRV ENGDRV_28_DAN_13.html chap too large: 13 for DAN
text1 text/ENGDRV/ENGDRV ENGDRV_28_DAN_14.html chap too large: 14 for DAN
text2 text/ENGDRV/ENGDRV ET11.html chap too large: 11 for EST
text2 text/ENGDRV/ENGDRV ET12.html chap too large: 12 for EST
text2 text/ENGDRV/ENGDRV ET13.html chap too large: 13 for EST
text2 text/ENGDRV/ENGDRV ET14.html chap too large: 14 for EST
text2 text/ENGDRV/ENGDRV ET15.html chap too large: 15 for EST
text2 text/ENGDRV/ENGDRV ET16.html chap too large: 16 for EST
text1 text/ENGLXU/ENGLXU ENGLXU_20_PSA_151.html chap too large: 151 for PSA
text2 text/ENGLXU/ENGLXU LJ.html usfm code None is not valid
text2 text/ENGLXU/ENGLXU LJ1.html usfm code None is not valid
text2 text/ENGLXU/ENGLXU PS151.html chap too large: 151 for PSA
text/ENGLXU/ENGLXU BAR is missing chapters: [6]
text1 text/ENGLXX/ENGLXX ENGLXX_20_PSA_151.html chap too large: 151 for PSA
text2 text/ENGLXX/ENGLXX LJ.html usfm code None is not valid
text2 text/ENGLXX/ENGLXX LJ1.html usfm code None is not valid
text2 text/ENGLXX/ENGLXX PS151.html chap too large: 151 for PSA
text/ENGLXX/ENGLXX BAR is missing chapters: [6]
text/ENGRV5/ENGRV5 ESG is missing chapters: [8, 9, 10, 11]
text/ENGWEB/ENGWEB ESG is missing chapters: [11]
text/ENGWEBC/ENGWEBC ESG is missing chapters: [11]
text/ENGWEU/ENGWEU ESG is missing chapters: [11]
text/ENGWWH/EN1WEB ESG is missing chapters: [8, 9, 10, 11]
text/ENGWWH/EN1WEB BAR is missing chapters: [6]
text/GNWNTM/GNWNTM 1SA is missing chapters: [7, 8, 9, 10, 11, 12, 13, 14, 15, 16, 17, 18, 19, 20, 21, 22, 23, 24, 25, 26, 27, 28, 29, 30, 31]
text/GNWNTM/GNWNTM 2SA is missing chapters: [3, 4, 5, 6, 7, 8, 9, 10, 11, 12, 13, 14, 15, 16, 17, 18, 19, 20, 21, 22, 23, 24]
text/GNWNTM/GNWNTM 2KI is missing chapters: [4, 5, 6, 7, 8, 9, 10, 11, 12, 13, 14, 15, 16, 17, 18, 19, 20, 21, 22, 23, 24, 25]
text/GNWNTM/GNWNTM 1CH is missing chapters: [3, 4, 5, 6, 7, 8, 9, 10, 11, 12, 13, 14, 15, 16, 17, 18, 19, 20, 21, 22, 23, 24, 25, 26, 27, 28, 29]
text/GNWNTM/GNWNTM 2CH is missing chapters: [4, 5, 6, 7, 8, 9, 10, 11, 12, 13, 14, 15, 16, 17, 18, 19, 20, 21, 22, 23, 24, 25, 26, 27, 28, 29, 30, 31, 32, 33, 34, 35, 36]
text/GNWNTM/GNWNTM JOB is missing chapters: [1, 2, 3, 4, 5, 6, 7, 8, 9, 10, 11, 12, 13, 14, 15, 16, 17, 18, 19, 20, 21, 22, 23, 24, 25, 26, 27, 28, 29, 30, 31, 32, 33, 34, 35, 36, 37, 38, 39, 40, 41, 42]
text/GNWNTM/GNWNTM PSA is missing chapters: [4, 5, 6, 7, 8, 9, 10, 11, 12, 13, 14, 15, 16, 17, 18, 19, 20, 21, 22, 23, 24, 25, 26, 27, 28, 29, 30, 31, 32, 33, 34, 35, 36, 37, 38, 39, 40, 41, 42, 43, 44, 45, 46, 47, 48, 49, 50, 51, 52, 53, 54, 55, 56, 57, 58, 59, 60, 61, 62, 63, 64, 65, 66, 67, 68, 69, 70, 71, 72, 73, 74, 75, 76, 77, 78, 79, 80, 81, 82, 83, 84, 85, 86, 87, 88, 89, 90, 91, 92, 93, 94, 95, 96, 97, 98, 99, 100, 101, 102, 103, 104, 105, 106, 107, 108, 109, 110, 111, 112, 113, 114, 115, 116, 117, 118, 119, 120, 121, 122, 123, 124, 125, 126, 127, 128, 129, 130, 131, 132, 133, 134, 135, 136, 137, 138, 139, 140, 141, 142, 143, 144, 145, 146, 147, 148, 149, 150]
text/GNWNTM/GNWNTM ISA is missing chapters: [15, 16, 17, 18, 19, 20, 21, 22, 23, 24, 25, 26, 27, 28, 29, 30, 31, 32, 33, 34, 35, 36, 37, 38, 39, 40, 41, 42, 43, 44, 45, 46, 47, 48, 49, 50, 51, 52, 53, 54, 55, 56, 57, 58, 59, 60, 61, 62, 63, 64, 65, 66]
text/GNWNTM/GNWNTM JER is missing chapters: [1, 2, 3, 4, 5, 6, 7, 8, 9, 10, 11, 12, 13, 14, 15, 16, 17, 18, 19, 20, 21, 22, 23, 24, 25, 26, 27, 28, 29, 30, 31, 32, 33, 34, 35, 36, 37, 38, 39, 40, 41, 42, 43, 44, 45, 46, 47, 48, 49, 50, 51, 52]
text/GNWNTM/GNWNTM DAN is missing chapters: [1, 2, 3, 4, 5, 6, 7, 8, 9, 10, 11, 12]
text/GNWNTM/GNWNTM HOS is missing chapters: [1, 2, 3, 4, 5, 6, 7, 8, 9, 10, 11, 12, 13, 14]
text/GNWNTM/GNWNTM GEN is missing chapters: [38, 39, 40, 41, 42, 43, 44, 45, 46, 47, 48, 49, 50]
text/GNWNTM/GNWNTM JON is missing chapters: [4]
text/GNWNTM/GNWNTM MIC is missing chapters: [2, 3, 4, 5, 6, 7]
text/GNWNTM/GNWNTM ZEC is missing chapters: [3, 4, 5, 6, 7, 8, 9, 10, 11, 12, 13, 14]
text/GNWNTM/GNWNTM EXO is missing chapters: [30, 31, 32, 33, 34, 35, 36, 37, 38, 39, 40]
text/GNWNTM/GNWNTM LEV is missing chapters: [6, 7, 8, 9, 10, 11, 12, 13, 14, 15, 16, 17, 18, 19, 20, 21, 22, 23, 24, 25, 26, 27]
text/GNWNTM/GNWNTM NUM is missing chapters: [6, 7, 8, 9, 10, 11, 12, 13, 14, 15, 16, 17, 18, 19, 20, 21, 22, 23, 24, 25, 26, 27, 28, 29, 30, 31, 32, 33, 34, 35, 36]
text/GNWNTM/GNWNTM DEU is missing chapters: [4, 5, 6, 7, 8, 9, 10, 11, 12, 13, 14, 15, 16, 17, 18, 19, 20, 21, 22, 23, 24, 25, 26, 27, 28, 29, 30, 31, 32, 33, 34]
text/GNWNTM/GNWNTM JOS is missing chapters: [4, 5, 6, 7, 8, 9, 10, 11, 12, 13, 14, 15, 16, 17, 18, 19, 20, 21, 22, 23, 24]
text/GNWNTM/GNWNTM JDG is missing chapters: [2, 3, 4, 5, 6, 7, 8, 9, 10, 11, 12, 13, 14, 15, 16, 17, 18, 19, 20, 21]
text1 text/GRKAVS/GRKAVS GRKAVS_30_JOL_4.html chap too large: 4 for JOL
text/GRKAVS/GRKAVS PRO is missing chapters: [30, 31]
text/GRKAVS/GRKAVS BAR is missing chapters: [6]
text/GRKAVS/GRKAVS 2ES is missing chapters: [11, 12, 13, 14, 15, 16]
text1 text/HBOMAS/HBOMAS HBOMAS_30_JOL_4.html chap too large: 4 for JOL
text2 text/HBOMAS/HBOMAS JL4.html chap too large: 4 for JOL
text/HBOMAS/HBOMAS MAL is missing chapters: [4]
text1 text/HEBWLC/HEBWLC HEBWLC_30_JOL_4.html chap too large: 4 for JOL
text2 text/HEBWLC/HEBWLC JL4.html chap too large: 4 for JOL
text/HEBWLC/HEBWLC MAL is missing chapters: [4]
text1 text/KAAIBT/KAAIBT KAAIBT_20_PSA_151.html chap too large: 151 for PSA
text/KANOKV/KANOKV MAT is missing chapters: [0, 9, 10, 11, 12, 13, 14, 15, 16, 17, 18, 19, 20, 21, 22, 23, 24, 25, 26, 27, 28]
text/KINSIX/RUAICG PHM is missing chapters: [1]
text/KINSIX/RUAICG 2JN is missing chapters: [1]
text/KINSIX/RUAICG 3JN is missing chapters: [1]
text2 text/LATCLV/LATCLV DN13.html chap too large: 13 for DAN
text2 text/LATCLV/LATCLV DN14.html chap too large: 14 for DAN
text2 text/LATCLV/LATCLV ET11.html chap too large: 11 for EST
text2 text/LATCLV/LATCLV ET12.html chap too large: 12 for EST
text2 text/LATCLV/LATCLV ET13.html chap too large: 13 for EST
text2 text/LATCLV/LATCLV ET14.html chap too large: 14 for EST
text2 text/LATCLV/LATCLV ET15.html chap too large: 15 for EST
text2 text/LATCLV/LATCLV ET16.html chap too large: 16 for EST
text1 text/LATCLV/LATCLV LATCLV_18_EST_11.html chap too large: 11 for EST
text1 text/LATCLV/LATCLV LATCLV_18_EST_12.html chap too large: 12 for EST
text1 text/LATCLV/LATCLV LATCLV_18_EST_13.html chap too large: 13 for EST
text1 text/LATCLV/LATCLV LATCLV_18_EST_14.html chap too large: 14 for EST
text1 text/LATCLV/LATCLV LATCLV_18_EST_15.html chap too large: 15 for EST
text1 text/LATCLV/LATCLV LATCLV_18_EST_16.html chap too large: 16 for EST
text1 text/LATCLV/LATCLV LATCLV_28_DAN_13.html chap too large: 13 for DAN
text1 text/LATCLV/LATCLV LATCLV_28_DAN_14.html chap too large: 14 for DAN
text/MERUBS/MERUBS ESG is missing chapters: [11]
text/MIBTBL/MIBTBL ACT is missing chapters: [3, 4, 5, 6, 7, 8, 9, 26, 27, 28]
text/MIBTBL/MIBWBT 1PE is missing chapters: [0, 1, 2, 5]
text/MIBTBL/MIBWBT 2PE is missing chapters: [1]
text/MIBTBL/MIBWBT PHP is missing chapters: [1, 3]
text/MIBTBL/MIBWBT ROM is missing chapters: [1, 10, 13]
text/MIBTBL/MIBWBT 1TI is missing chapters: [2, 5]
text/MIBTBL/MIBWBT TIT is missing chapters: [2, 3]
text1 text/MLGRCV/MEXRPV MEXRPV_30_JOL_4.html chap too large: 4 for JOL
text/MLGRCV/MEXRPV MAL is missing chapters: [4]
text1 text/NGLRLV/NGLRLV NGLRLV_30_JOL_4.html chap too large: 4 for JOL
text/NGLRLV/NGLRLV MAL is missing chapters: [4]
text/NHXNHX/NHXNTV PSA is missing chapters: [115, 116, 117, 118, 119, 120, 121, 122, 123, 124, 125, 126, 127, 128, 129, 130, 131, 132, 133, 134, 135, 136, 137, 138, 139, 140, 141, 142, 143, 144, 145, 146, 147, 148, 149, 150]
text/NUJWBT/NUJWBT NAM is missing chapters: [2, 3]
text/NYUWBT/NYUWBT MRK is missing chapters: [0, 6, 7, 8, 9, 10, 11, 12, 13, 14, 15, 16]
text/OMWVEQ/OMWVEQ JHN is missing chapters: [3, 4, 5, 6, 7, 8, 9, 10, 11, 12, 13, 14, 15, 16, 17, 18, 19, 20, 21]
text/OMWVEQ/OMWVEQ LUK is missing chapters: [8, 9, 10, 11, 12, 13, 14, 15, 16, 17, 18, 19, 20, 21, 22, 23, 24]
text/OMWVEQ/OMWVEQ MRK is missing chapters: [8, 9, 10, 11, 12, 13, 14, 15, 16]
text/OMWVEQ/OMWVEQ MAT is missing chapters: [5, 6, 7, 8, 9, 10, 11, 12, 13, 14, 15, 16, 17, 18, 19, 20, 21, 22, 23, 24, 25, 26, 27, 28]
text2 text/PONSSP/PONSSP LJ.html usfm code None is not valid
text2 text/PONSSP/PONSSP LJ1.html usfm code None is not valid
text/RONWTC/RONERV PHM is missing chapters: [1]
text/RONWTC/RONERV 2JN is missing chapters: [1]
text/RONWTC/RONERV 3JN is missing chapters: [1]
text/RONWTC/RONERV JUD is missing chapters: [1]
text/RONWTC/RONWTC 2JN is missing chapters: [1]
text/RONWTC/RONWTC 3JN is missing chapters: [1]
text/RONWTC/RONWTC JUD is missing chapters: [1]
text/RONWTC/RONWTC PHM is missing chapters: [1]
text1 text/SAHIBT/SAHIBT SAHIBT_20_PSA_151.html chap too large: 151 for PSA
text/SDMSGV/SDMSGV 1SA is missing chapters: [3, 4, 5, 6, 7, 8, 9, 10, 11, 12, 13, 14, 15, 16, 17, 18, 19, 20, 21, 22, 23, 24, 25, 26, 27, 28, 29, 30, 31]
text/SDMSGV/SDMSGV 1KI is missing chapters: [5, 6, 7, 8, 9, 10, 11, 12, 13, 14, 15, 16, 17, 18, 19, 20, 21, 22]
text/SDMSGV/SDMSGV PSA is missing chapters: [12, 13, 14, 15, 16, 17, 18, 19, 20, 21, 22, 23, 24, 25, 26, 27, 28, 29, 30, 31, 32, 33, 34, 35, 36, 37, 38, 39, 40, 41, 42, 43, 44, 45, 46, 47, 48, 49, 50, 51, 52, 53, 54, 55, 56, 57, 58, 59, 60, 61, 62, 63, 64, 65, 66, 67, 68, 69, 70, 71, 72, 73, 74, 75, 76, 77, 78, 79, 80, 81, 82, 83, 84, 85, 86, 87, 88, 89, 90, 91, 92, 93, 94, 95, 96, 97, 98, 99, 100, 101, 102, 103, 104, 105, 106, 107, 108, 109, 110, 111, 112, 113, 114, 115, 116, 117, 118, 119, 120, 121, 122, 123, 124, 125, 126, 127, 128, 129, 130, 131, 132, 133, 134, 135, 136, 137, 138, 139, 140, 141, 142, 143, 144, 145, 146, 147, 148, 149, 150]
text/SDMSGV/SDMSGV PRO is missing chapters: [24, 25, 26, 27, 28, 29, 30, 31]
text/SDMSGV/SDMSGV ISA is missing chapters: [4, 5, 6, 7, 8, 9, 10, 11, 12, 13, 14, 15, 16, 17, 18, 19, 20, 21, 22, 23, 24, 25, 26, 27, 28, 29, 30, 31, 32, 33, 34, 35, 36, 37, 38, 39, 40, 41, 42, 43, 44, 45, 46, 47, 48, 49, 50, 51, 52, 53, 54, 55, 56, 57, 58, 59, 60, 61, 62, 63, 64, 65, 66]
text/SDMSGV/SDMSGV JER is missing chapters: [3, 4, 5, 6, 7, 8, 9, 10, 11, 12, 13, 14, 15, 16, 17, 18, 19, 20, 21, 22, 23, 24, 25, 26, 27, 28, 29, 30, 31, 32, 33, 34, 35, 36, 37, 38, 39, 40, 41, 42, 43, 44, 45, 46, 47, 48, 49, 50, 51, 52]
text/SDMSGV/SDMSGV GEN is missing chapters: [31, 32, 33, 34, 35, 36, 37, 38, 39, 40, 41, 42, 43, 44, 45, 46, 47, 48, 49, 50]
text/SDMSGV/SDMSGV AMO is missing chapters: [2, 3, 4, 5, 6, 7, 8, 9]
text/SDMSGV/SDMSGV MIC is missing chapters: [2, 3, 4, 5, 6, 7]
text/SDMSGV/SDMSGV EXO is missing chapters: [22, 23, 24, 25, 26, 27, 28, 29, 30, 31, 32, 33, 34, 35, 36, 37, 38, 39, 40]
text/SDMSGV/SDMSGV LEV is missing chapters: [4, 5, 6, 7, 8, 9, 10, 11, 12, 13, 14, 15, 16, 17, 18, 19, 20, 21, 22, 23, 24, 25, 26, 27]
text/SDMSGV/SDMSGV NUM is missing chapters: [5, 6, 7, 8, 9, 10, 11, 12, 13, 14, 15, 16, 17, 18, 19, 20, 21, 22, 23, 24, 25, 26, 27, 28, 29, 30, 31, 32, 33, 34, 35, 36]
text/SDMSGV/SDMSGV DEU is missing chapters: [6, 7, 8, 9, 10, 11, 12, 13, 14, 15, 16, 17, 18, 19, 20, 21, 22, 23, 24, 25, 26, 27, 28, 29, 30, 31, 32, 33, 34]
text/SDMSGV/SDMSGV JOS is missing chapters: [5, 6, 7, 8, 9, 10, 11, 12, 13, 14, 15, 16, 17, 18, 19, 20, 21, 22, 23, 24]
text/SHOSIM/SHOSIM 1SA is missing chapters: [6, 7, 8, 9, 10, 11, 12, 13, 14, 15, 16, 17, 18, 19, 20, 21, 22, 23, 24, 25, 26, 27, 28, 29, 30, 31]
text/SHOSIM/SHOSIM 2SA is missing chapters: [13, 14, 15, 16, 17, 18, 19, 20, 21, 22, 23, 24]
text/SHOSIM/SHOSIM 1KI is missing chapters: [16, 17, 18, 19, 20, 21, 22]
text/SHOSIM/SHOSIM 2KI is missing chapters: [6, 7, 8, 9, 10, 11, 12, 13, 14, 15, 16, 17, 18, 19, 20, 21, 22, 23, 24, 25]
text/SHOSIM/SHOSIM JOB is missing chapters: [10, 11, 12, 13, 14, 15, 16, 17, 18, 19, 20, 21, 22, 23, 24, 25, 26, 27, 28, 29, 30, 31, 32, 33, 34, 35, 36, 37, 38, 39, 40, 41, 42]
text/SHOSIM/SHOSIM PSA is missing chapters: [79, 80, 81, 82, 83, 84, 85, 86, 87, 88, 89, 90, 91, 92, 93, 94, 95, 96, 97, 98, 99, 100, 101, 102, 103, 104, 105, 106, 107, 108, 109, 110, 111, 112, 113, 114, 115, 116, 117, 118, 119, 120, 121, 122, 123, 124, 125, 126, 127, 128, 129, 130, 131, 132, 133, 134, 135, 136, 137, 138, 139, 140, 141, 142, 143, 144, 145, 146, 147, 148, 149, 150]
text/SHOSIM/SHOSIM ISA is missing chapters: [21, 22, 23, 24, 25, 26, 27, 28, 29, 30, 31, 32, 33, 34, 35, 36, 37, 38, 39, 40, 41, 42, 43, 44, 45, 46, 47, 48, 49, 50, 51, 52, 53, 54, 55, 56, 57, 58, 59, 60, 61, 62, 63, 64, 65, 66]
text/SHOSIM/SHOSIM DAN is missing chapters: [9, 10, 11, 12]
text/SHOSIM/SHOSIM EXO is missing chapters: [21, 22, 23, 24, 25, 26, 27, 28, 29, 30, 31, 32, 33, 34, 35, 36, 37, 38, 39, 40]
text/SHOSIM/SHOSIM LEV is missing chapters: [2, 3, 4, 5, 6, 7, 8, 9, 10, 11, 12, 13, 14, 15, 16, 17, 18, 19, 20, 21, 22, 23, 24, 25, 26, 27]
text2 text/SUSFBI/SUSAPB JL4.html chap too large: 4 for JOL
text/SUSFBI/SUSAPB MAL is missing chapters: [4]
text/TBGWBT/TBGWBT DAN is missing chapters: [7, 8, 9, 10, 11, 12]
text/TBGWBT/TBGWBT JOS is missing chapters: [9, 10, 11, 12, 13, 14, 15, 16, 17, 18, 19, 20, 21, 22, 23, 24]
text/TODPBT/TODPBT MAL is missing chapters: [4]
text/TUCSNT/TUCSNT EXO is missing chapters: [31, 32, 33, 34, 35, 36, 37, 38, 39, 40]
text/TUCTNT/TUCTNT EXO is missing chapters: [31, 32, 33, 34, 35, 36, 37, 38, 39, 40]
text/TYESIM/TYESIM 1SA is missing chapters: [6, 7, 8, 9, 10, 11, 12, 13, 14, 15, 16, 17, 18, 19, 20, 21, 22, 23, 24, 25, 26, 27, 28, 29, 30, 31]
text/TYESIM/TYESIM 2SA is missing chapters: [13, 14, 15, 16, 17, 18, 19, 20, 21, 22, 23, 24]
text/TYESIM/TYESIM 1KI is missing chapters: [16, 17, 18, 19, 20, 21, 22]
text/TYESIM/TYESIM 2KI is missing chapters: [6, 7, 8, 9, 10, 11, 12, 13, 14, 15, 16, 17, 18, 19, 20, 21, 22, 23, 24, 25]
text/TYESIM/TYESIM JOB is missing chapters: [10, 11, 12, 13, 14, 15, 16, 17, 18, 19, 20, 21, 22, 23, 24, 25, 26, 27, 28, 29, 30, 31, 32, 33, 34, 35, 36, 37, 38, 39, 40, 41, 42]
text/TYESIM/TYESIM ISA is missing chapters: [21, 22, 23, 24, 25, 26, 27, 28, 29, 30, 31, 32, 33, 34, 35, 36, 37, 38, 39, 40, 41, 42, 43, 44, 45, 46, 47, 48, 49, 50, 51, 52, 53, 54, 55, 56, 57, 58, 59, 60, 61, 62, 63, 64, 65, 66]
text/TYESIM/TYESIM DAN is missing chapters: [11, 12]
text/TYESIM/TYESIM EXO is missing chapters: [21, 22, 23, 24, 25, 26, 27, 28, 29, 30, 31, 32, 33, 34, 35, 36, 37, 38, 39, 40]
text/TYESIM/TYESIM LEV is missing chapters: [2, 3, 4, 5, 6, 7, 8, 9, 10, 11, 12, 13, 14, 15, 16, 17, 18, 19, 20, 21, 22, 23, 24, 25, 26, 27]
text/XTNTBL/XTNTBL ISA is missing chapters: [28, 29, 30, 31, 32, 33, 34, 35, 36, 37, 38, 39, 40, 41, 42, 43, 44, 45, 46, 47, 48, 49, 50, 51, 52, 53, 54, 55, 56, 57, 58, 59, 60, 61, 62, 63, 64, 65, 66]
text/XTNTBL/XTNTBL EXO is missing chapters: [30, 31, 32, 33, 34, 35, 36, 37, 38, 39, 40]
